
Showing logs for build [32mcb-kubecd-environment-pr-1292-1-42xt2-1[0m stage [32mfrom-build-pack[0m and container [32mstep-credential-initializer-rzdtw[0m
{"level":"warn","ts":1584718587.5966024,"logger":"fallback-logger","caller":"logging/config.go:69","msg":"Fetch GitHub commit ID from kodata failed: \"ref: refs/heads/0.8.0-**-support-backwards-incompats\" is not a valid GitHub commit ID"}
{"level":"info","ts":1584718587.5974965,"logger":"fallback-logger","caller":"creds-init/main.go:40","msg":"Credentials initialized."}

Showing logs for build [32mcb-kubecd-environment-pr-1292-1-42xt2-1[0m stage [32mfrom-build-pack[0m and container [32mstep-working-dir-initializer-rssg4[0m
{"level":"warn","ts":1584718588.615925,"logger":"fallback-logger","caller":"logging/config.go:69","msg":"Fetch GitHub commit ID from kodata failed: open /var/run/ko/HEAD: no such file or directory"}
{"level":"info","ts":1584718588.6178718,"logger":"fallback-logger","caller":"bash/main.go:64","msg":"Successfully executed command \"sh -c mkdir -p /workspace/source\"; output "}

Showing logs for build [32mcb-kubecd-environment-pr-1292-1-42xt2-1[0m stage [32mfrom-build-pack[0m and container [32mstep-place-tools[0m

Showing logs for build [32mcb-kubecd-environment-pr-1292-1-42xt2-1[0m stage [32mfrom-build-pack[0m and container [32mstep-git-source-cb-kubecd-environment-pr-1292-1-42xt2-fhgzs[0m
{"level":"warn","ts":1584718616.8041992,"logger":"fallback-logger","caller":"logging/config.go:69","msg":"Fetch GitHub commit ID from kodata failed: \"ref: refs/heads/0.8.0-**-support-backwards-incompats\" is not a valid GitHub commit ID"}
{"level":"info","ts":1584718618.1469197,"logger":"fallback-logger","caller":"git/git.go:103","msg":"Successfully cloned https://github.com/cb-kubecd/environment-pr-1292-10-bdd-frontend-staging.git @ master in path /workspace/source"}

Showing logs for build [32mcb-kubecd-environment-pr-1292-1-42xt2-1[0m stage [32mfrom-build-pack[0m and container [32mstep-git-merge[0m
Using SHAs from PULL_REFS=master:fc6adad5309a58b8427984a33c9d338d37ce63d7,1:ca371604e0b7aecfbac05236443b4919dce987f0
DEBUG: LC_ALL=C JX_LOG_LEVEL=error git fetch origin --unshallow ca371604e0b7aecfbac05236443b4919dce987f0: fc6adad5309a58b8427984a33c9d338d37ce63d7:
DEBUG: ran git fetch --unshallow origin ca371604e0b7aecfbac05236443b4919dce987f0: fc6adad5309a58b8427984a33c9d338d37ce63d7: in 
DEBUG: LC_ALL=C JX_LOG_LEVEL=error git branch
DEBUG: LC_ALL=C JX_LOG_LEVEL=error git checkout master
DEBUG: ran git checkout master in 
DEBUG: LC_ALL=C JX_LOG_LEVEL=error git reset --hard fc6adad5309a58b8427984a33c9d338d37ce63d7
DEBUG: ran git reset --hard fc6adad5309a58b8427984a33c9d338d37ce63d7 in 
DEBUG: LC_ALL=C JX_LOG_LEVEL=error git clean -fd .
DEBUG: ran clean --force -d . in 
DEBUG: JX_LOG_LEVEL=error LC_ALL=C git merge ca371604e0b7aecfbac05236443b4919dce987f0
DEBUG: ran git merge ca371604e0b7aecfbac05236443b4919dce987f0 in 
DEBUG: LC_ALL=C JX_LOG_LEVEL=error git log --format=%H%x1f%an%x1f%ae%x1f%cn%x1f%ce%x1f%s%n%b%x1e fc6adad5309a58b8427984a33c9d338d37ce63d7..HEAD
Merged SHA ca371604e0b7aecfbac05236443b4919dce987f0 with commit message 'chore: Promote bdd-nh-1584717548 to version 0.0.1' into base branch master

Showing logs for build [32mcb-kubecd-environment-pr-1292-1-42xt2-1[0m stage [32mfrom-build-pack[0m and container [32mstep-build-helm-build[0m
WARNING: No $CHART_REPOSITORY defined so using the default value of: http://jenkins-x-chartmuseum:8080
Adding missing Helm repo: storage.googleapis.com https://storage.googleapis.com/chartmuseum.jenkins-x.io
WARNING: No secrets found on "helm/repos" due: reading the secret "helm/repos" from vault: no secret "helm/repos" not found in vault
Read credentials for https://storage.googleapis.com/chartmuseum.jenkins-x.io from vault helm/repos
Successfully added Helm repository storage.googleapis.com.
Adding missing Helm repo: jenkins-x-chartmuseum http://jenkins-x-chartmuseum:8080
WARNING: No secrets found on "helm/repos" due: reading the secret "helm/repos" from vault: no secret "helm/repos" not found in vault
Read credentials for http://jenkins-x-chartmuseum:8080 from vault helm/repos
Successfully added Helm repository jenkins-x-chartmuseum.
WARNING: No $CHART_REPOSITORY defined so using the default value of: http://jenkins-x-chartmuseum:8080
Adding missing Helm repo: chartmuseum.jenkins-x.io http://chartmuseum.jenkins-x.io
WARNING: No secrets found on "helm/repos" due: reading the secret "helm/repos" from vault: no secret "helm/repos" not found in vault
Read credentials for http://chartmuseum.jenkins-x.io from vault helm/repos
Successfully added Helm repository chartmuseum.jenkins-x.io.
